[  1553.140] 
X.Org X Server 1.20.9
X Protocol Version 11, Revision 0
[  1553.147] Build Operating System: Linux Void
[  1553.150] Current Operating System: Linux paul.domain 5.8.18_1 #1 SMP Sun Nov 1 14:25:13 UTC 2020 x86_64
[  1553.150] Kernel command line: BOOT_IMAGE=/boot/vmlinuz-5.8.18_1 root=UUID=c8f6ec75-4846-4694-9b09-ce6e1c99ecb4 ro loglevel=4 slub_debug=P page_poison=1
[  1553.156] Build Date: 29 September 2020  07:25:24PM
[  1553.159]  
[  1553.162] Current version of pixman: 0.40.0
[  1553.167] 	Before reporting problems, check http://wiki.x.org
	to make sure that you have the latest version.
[  1553.167] Markers: (--) probed, (**) from config file, (==) default setting,
	(++) from command line, (!!) notice, (II) informational,
	(WW) warning, (EE) error, (NI) not implemented, (??) unknown.
[  1553.180] (==) Log file: "/home/paul/.local/share/xorg/Xorg.0.log", Time: Wed Dec  2 17:29:34 2020
[  1553.183] (==) Using system config directory "/usr/share/X11/xorg.conf.d"
[  1553.183] (==) No Layout section.  Using the first Screen section.
[  1553.183] (==) No screen section available. Using defaults.
[  1553.183] (**) |-->Screen "Default Screen Section" (0)
[  1553.183] (**) |   |-->Monitor "<default monitor>"
[  1553.184] (==) No monitor specified for screen "Default Screen Section".
	Using a default monitor configuration.
[  1553.184] (==) Automatically adding devices
[  1553.184] (==) Automatically enabling devices
[  1553.184] (==) Automatically adding GPU devices
[  1553.184] (==) Max clients allowed: 256, resource mask: 0x1fffff
[  1553.184] (WW) The directory "/usr/share/fonts/X11/OTF" does not exist.
[  1553.184] 	Entry deleted from font path.
[  1553.184] (==) FontPath set to:
	/usr/share/fonts/X11/misc,
	/usr/share/fonts/X11/TTF,
	/usr/share/fonts/X11/Type1,
	/usr/share/fonts/X11/100dpi,
	/usr/share/fonts/X11/75dpi
[  1553.184] (==) ModulePath set to "/usr/lib/xorg/modules"
[  1553.184] (II) The server relies on udev to provide the list of input devices.
	If no devices become available, reconfigure udev or disable AutoAddDevices.
[  1553.184] (II) Module ABI versions:
[  1553.184] 	X.Org ANSI C Emulation: 0.4
[  1553.184] 	X.Org Video Driver: 24.1
[  1553.184] 	X.Org XInput driver : 24.1
[  1553.184] 	X.Org Server Extension : 10.0
[  1553.185] (II) xfree86: Adding drm device (/dev/dri/card0)
[  1553.191] (--) PCI:*(0@0:2:0) 8086:0f31:1043:161d rev 14, Mem @ 0xd0000000/4194304, 0xc0000000/268435456, I/O @ 0x0000f080/8, BIOS @ 0x????????/131072
[  1553.191] (II) Open ACPI successful (/var/run/acpid.socket)
[  1553.191] (II) LoadModule: "glx"
[  1553.191] (II) Loading /usr/lib/xorg/modules/extensions/libglx.so
[  1553.194] (II) Module glx: vendor="X.Org Foundation"
[  1553.194] 	compiled for 1.20.9, module version = 1.0.0
[  1553.194] 	ABI class: X.Org Server Extension, version 10.0
[  1553.194] (==) Matched intel as autoconfigured driver 0
[  1553.194] (==) Matched modesetting as autoconfigured driver 1
[  1553.194] (==) Matched fbdev as autoconfigured driver 2
[  1553.194] (==) Matched vesa as autoconfigured driver 3
[  1553.194] (==) Assigned the driver to the xf86ConfigLayout
[  1553.194] (II) LoadModule: "intel"
[  1553.194] (II) Loading /usr/lib/xorg/modules/drivers/intel_drv.so
[  1553.195] (II) Module intel: vendor="X.Org Foundation"
[  1553.195] 	compiled for 1.20.9, module version = 2.99.917
[  1553.195] 	Module class: X.Org Video Driver
[  1553.195] 	ABI class: X.Org Video Driver, version 24.1
[  1553.195] (II) LoadModule: "modesetting"
[  1553.195] (II) Loading /usr/lib/xorg/modules/drivers/modesetting_drv.so
[  1553.196] (II) Module modesetting: vendor="X.Org Foundation"
[  1553.196] 	compiled for 1.20.9, module version = 1.20.9
[  1553.196] 	Module class: X.Org Video Driver
[  1553.196] 	ABI class: X.Org Video Driver, version 24.1
[  1553.196] (II) LoadModule: "fbdev"
[  1553.196] (II) Loading /usr/lib/xorg/modules/drivers/fbdev_drv.so
[  1553.196] (II) Module fbdev: vendor="X.Org Foundation"
[  1553.196] 	compiled for 1.20.0, module version = 0.5.0
[  1553.196] 	Module class: X.Org Video Driver
[  1553.196] 	ABI class: X.Org Video Driver, version 24.0
[  1553.196] (II) LoadModule: "vesa"
[  1553.197] (II) Loading /usr/lib/xorg/modules/drivers/vesa_drv.so
[  1553.197] (II) Module vesa: vendor="X.Org Foundation"
[  1553.197] 	compiled for 1.20.9, module version = 2.5.0
[  1553.197] 	Module class: X.Org Video Driver
[  1553.197] 	ABI class: X.Org Video Driver, version 24.1
[  1553.197] (II) intel: Driver for Intel(R) Integrated Graphics Chipsets:
	i810, i810-dc100, i810e, i815, i830M, 845G, 854, 852GM/855GM, 865G,
	915G, E7221 (i915), 915GM, 945G, 945GM, 945GME, Pineview GM,
	Pineview G, 965G, G35, 965Q, 946GZ, 965GM, 965GME/GLE, G33, Q35, Q33,
	GM45, 4 Series, G45/G43, Q45/Q43, G41, B43
[  1553.198] (II) intel: Driver for Intel(R) HD Graphics
[  1553.198] (II) intel: Driver for Intel(R) Iris(TM) Graphics
[  1553.198] (II) intel: Driver for Intel(R) Iris(TM) Pro Graphics
[  1553.198] (II) modesetting: Driver for Modesetting Kernel Drivers: kms
[  1553.198] (II) FBDEV: driver for framebuffer: fbdev
[  1553.198] (II) VESA: driver for VESA chipsets: vesa
[  1553.198] (EE) 
Fatal server error:
[  1553.204] (EE) parse_vt_settings: Cannot open /dev/tty0 (Permission denied)
[  1553.207] (EE) 
[  1553.210] (EE) 
Please consult the The X.Org Foundation support 
	 at http://wiki.x.org
 for help. 
[  1553.223] (EE) Please also check the log file at "/home/paul/.local/share/xorg/Xorg.0.log" for additional information.
[  1553.226] (EE) 
[  1553.229] (WW) xf86CloseConsole: KDSETMODE failed: Bad file descriptor
[  1553.229] (WW) xf86CloseConsole: VT_GETMODE failed: Bad file descriptor
[  1553.229] (EE) Server terminated with error (1). Closing log file.
